<?xml version="1.0" encoding="UTF-8"?>
<!-- Generated by org.testng.reporters.JUnitXMLReporter -->
<testsuite ignored="0" hostname="DESKTOP-VLHT10O" failures="0" tests="4" name="Default test" time="10.94" errors="0" timestamp="2024-09-02T21:05:13 PDT">
  <testcase classname="api.Test.UserTests" name="Post" time="5.821"/>
  <testcase classname="api.Test.UserTests" name="Get" time="1.212"/>
  <testcase classname="api.Test.UserTests" name="Update" time="2.275"/>
  <testcase classname="api.Test.UserTests" name="Delete" time="1.102"/>
</testsuite> <!-- Default test -->
