<?xml version="1.0" encoding="UTF-8"?>
<!-- Generated by org.testng.reporters.JUnitXMLReporter -->
<testsuite ignored="0" hostname="DESKTOP-VLHT10O" failures="0" tests="4" name="Test" time="10.684" errors="0" timestamp="2024-09-02T21:06:47 PDT">
  <testcase classname="api.Test.UserTests" name="Post" time="5.503"/>
  <testcase classname="api.Test.UserTests" name="Get" time="1.193"/>
  <testcase classname="api.Test.UserTests" name="Update" time="2.298"/>
  <testcase classname="api.Test.UserTests" name="Delete" time="1.127"/>
</testsuite> <!-- Test -->
