<?xml version="1.0" encoding="UTF-8"?>
<testng-results ignored="0" total="4" passed="4" failed="0" skipped="0">
  <reporter-output>
  </reporter-output>
  <suite started-at="2024-09-02T21:52:09 PDT" name="Suite" finished-at="2024-09-02T21:52:19 PDT" duration-ms="10326">
    <groups>
    </groups>
    <test started-at="2024-09-02T21:52:09 PDT" name="Test" finished-at="2024-09-02T21:52:19 PDT" duration-ms="10326">
      <class name="api.Test.UserTests">
        <test-method is-config="true" signature="SetData()[pri:0, instance:api.Test.UserTests@26794848]" started-at="2024-09-02T21:52:09 PDT" name="SetData" finished-at="2024-09-02T21:52:09 PDT" duration-ms="343" status="PASS">
          <reporter-output>
          </reporter-output>
        </test-method> <!-- SetData -->
        <test-method signature="Post()[pri:1, instance:api.Test.UserTests@26794848]" started-at="2024-09-02T21:52:09 PDT" name="Post" finished-at="2024-09-02T21:52:14 PDT" duration-ms="5283" status="PASS">
          <reporter-output>
          </reporter-output>
        </test-method> <!-- Post -->
        <test-method signature="Get()[pri:2, instance:api.Test.UserTests@26794848]" started-at="2024-09-02T21:52:14 PDT" name="Get" finished-at="2024-09-02T21:52:16 PDT" duration-ms="1189" status="PASS">
          <reporter-output>
          </reporter-output>
        </test-method> <!-- Get -->
        <test-method signature="Update()[pri:3, instance:api.Test.UserTests@26794848]" started-at="2024-09-02T21:52:16 PDT" name="Update" finished-at="2024-09-02T21:52:18 PDT" duration-ms="2248" status="PASS">
          <reporter-output>
          </reporter-output>
        </test-method> <!-- Update -->
        <test-method signature="Delete()[pri:4, instance:api.Test.UserTests@26794848]" started-at="2024-09-02T21:52:18 PDT" name="Delete" finished-at="2024-09-02T21:52:19 PDT" depends-on-methods="api.Test.UserTests.Update" duration-ms="1177" status="PASS">
          <reporter-output>
          </reporter-output>
        </test-method> <!-- Delete -->
      </class> <!-- api.Test.UserTests -->
    </test> <!-- Test -->
  </suite> <!-- Suite -->
</testng-results>
