<?xml version="1.0" encoding="UTF-8"?>
<testng-results ignored="0" total="4" passed="4" failed="0" skipped="0">
  <reporter-output>
  </reporter-output>
  <suite started-at="2024-09-02T21:06:36 PDT" name="Suite" finished-at="2024-09-02T21:06:46 PDT" duration-ms="10684">
    <groups>
    </groups>
    <test started-at="2024-09-02T21:06:36 PDT" name="Test" finished-at="2024-09-02T21:06:46 PDT" duration-ms="10684">
      <class name="api.Test.UserTests">
        <test-method is-config="true" signature="SetData()[pri:0, instance:api.Test.UserTests@3e96bacf]" started-at="2024-09-02T21:06:36 PDT" name="SetData" finished-at="2024-09-02T21:06:36 PDT" duration-ms="415" status="PASS">
          <reporter-output>
          </reporter-output>
        </test-method> <!-- SetData -->
        <test-method signature="Post()[pri:1, instance:api.Test.UserTests@3e96bacf]" started-at="2024-09-02T21:06:36 PDT" name="Post" finished-at="2024-09-02T21:06:42 PDT" duration-ms="5503" status="PASS">
          <reporter-output>
          </reporter-output>
        </test-method> <!-- Post -->
        <test-method signature="Get()[pri:2, instance:api.Test.UserTests@3e96bacf]" started-at="2024-09-02T21:06:42 PDT" name="Get" finished-at="2024-09-02T21:06:43 PDT" duration-ms="1193" status="PASS">
          <reporter-output>
          </reporter-output>
        </test-method> <!-- Get -->
        <test-method signature="Update()[pri:3, instance:api.Test.UserTests@3e96bacf]" started-at="2024-09-02T21:06:43 PDT" name="Update" finished-at="2024-09-02T21:06:45 PDT" duration-ms="2298" status="PASS">
          <reporter-output>
          </reporter-output>
        </test-method> <!-- Update -->
        <test-method signature="Delete()[pri:4, instance:api.Test.UserTests@3e96bacf]" started-at="2024-09-02T21:06:45 PDT" name="Delete" finished-at="2024-09-02T21:06:46 PDT" depends-on-methods="api.Test.UserTests.Update" duration-ms="1127" status="PASS">
          <reporter-output>
          </reporter-output>
        </test-method> <!-- Delete -->
      </class> <!-- api.Test.UserTests -->
    </test> <!-- Test -->
  </suite> <!-- Suite -->
</testng-results>
